Arguments: 
  /usr/bin/node /usr/share/yarn/bin/yarn.js init

PATH: 
  /home/luan/anaconda3/bin:/home/luan/anaconda3/condabin:/home/luan/.rvm/gems/ruby-3.0.0/bin:/home/luan/.rvm/gems/ruby-3.0.0@global/bin:/home/luan/.rvm/rubies/ruby-3.0.0/bin:/home/luan/.local/bin:/usr/local/sbin:/usr/local/bin:/usr/sbin:/usr/bin:/sbin:/bin:/usr/games:/usr/local/games:/snap/bin:/home/luan/Android/Sdk/emulator:/home/luan/Android/Sdk/tools:/home/luan/Android/Sdk/tools/bin:/home/luan/Android/Sdk/platform-tools:/home/luan/.yarn/bin:/home/luan/.rvm/bin

Yarn version: 
  1.22.5

Node version: 
  16.13.0

Platform: 
  linux x64

Trace: 
  Error: canceled
      at Interface.<anonymous> (/usr/share/yarn/lib/cli.js:137009:13)
      at Interface.emit (node:events:390:28)
      at Interface._ttyWrite (node:readline:1081:16)
      at ReadStream.onkeypress (node:readline:288:10)
      at ReadStream.emit (node:events:390:28)
      at emitKeys (node:internal/readline/utils:358:14)
      at emitKeys.next (<anonymous>)
      at ReadStream.onData (node:internal/readline/emitKeypressEvents:61:36)
      at ReadStream.emit (node:events:390:28)
      at addChunk (node:internal/streams/readable:315:12)

npm manifest: 
  No manifest

yarn manifest: 
  No manifest

Lockfile: 
  No lockfile
